[01:57:22] [ServerMain/INFO]: Environment: Environment[sessionHost=https://sessionserver.mojang.com, servicesHost=https://api.minecraftservices.com, name=PROD]
[01:57:24] [ServerMain/INFO]: No existing world data, creating new world
[01:57:25] [ServerMain/INFO]: Loaded 1373 recipes
[01:57:25] [ServerMain/INFO]: Loaded 1484 advancements
[01:57:25] [Server thread/INFO]: Starting minecraft server version 1.21.5
[01:57:25] [Server thread/INFO]: Loading properties
[01:57:25] [Server thread/INFO]: Default game type: SURVIVAL
[01:57:25] [Server thread/INFO]: Generating keypair
[01:57:26] [Server thread/INFO]: Starting Minecraft server on *:25565
[01:57:26] [Server thread/INFO]: Using epoll channel type
[01:57:26] [Server thread/WARN]: **** SERVER IS RUNNING IN OFFLINE/INSECURE MODE!
[01:57:26] [Server thread/WARN]: The server will make no attempt to authenticate usernames. Beware.
[01:57:26] [Server thread/WARN]: While this makes the game possible to play without internet access, it also opens up the ability for hackers to connect with any username they choose.
[01:57:26] [Server thread/WARN]: To change this, set "online-mode" to "true" in the server.properties file.
[01:57:26] [Server thread/INFO]: Preparing level "world"
[01:57:40] [Server thread/INFO]: Preparing start region for dimension minecraft:overworld
[01:57:40] [Worker-Main-1/INFO]: Preparing spawn area: 2%
[01:57:41] [Worker-Main-1/INFO]: Preparing spawn area: 2%
[01:57:41] [Worker-Main-1/INFO]: Preparing spawn area: 2%
[01:57:42] [Worker-Main-1/INFO]: Preparing spawn area: 2%
[01:57:42] [Worker-Main-1/INFO]: Preparing spawn area: 2%
[01:57:43] [Worker-Main-1/INFO]: Preparing spawn area: 2%
[01:57:43] [Worker-Main-1/INFO]: Preparing spawn area: 2%
[01:57:44] [Worker-Main-1/INFO]: Preparing spawn area: 2%
[01:57:44] [Worker-Main-1/INFO]: Preparing spawn area: 2%
[01:57:45] [Worker-Main-1/INFO]: Preparing spawn area: 2%
[01:57:45] [Worker-Main-1/INFO]: Preparing spawn area: 4%
[01:57:46] [Worker-Main-1/INFO]: Preparing spawn area: 4%
[01:57:46] [Worker-Main-1/INFO]: Preparing spawn area: 4%
[01:57:47] [Worker-Main-1/INFO]: Preparing spawn area: 4%
[01:57:47] [Worker-Main-1/INFO]: Preparing spawn area: 4%
[01:57:48] [Worker-Main-1/INFO]: Preparing spawn area: 4%
[01:57:48] [Worker-Main-1/INFO]: Preparing spawn area: 4%
[01:57:49] [Worker-Main-1/INFO]: Preparing spawn area: 4%
[01:57:49] [Worker-Main-1/INFO]: Preparing spawn area: 4%
[01:57:50] [Worker-Main-1/INFO]: Preparing spawn area: 4%
[01:57:50] [Worker-Main-1/INFO]: Preparing spawn area: 38%
[01:57:50] [Server thread/INFO]: Time elapsed: 10198 ms
[01:57:50] [Server thread/INFO]: Done (24.381s)! For help, type "help"
[01:58:50] [Server thread/INFO]: Server empty for 60 seconds, pausing
